This is pdfTeX, Version 3.1415926-2.4-1.40.13 (TeX Live 2012) (format=pdflatex 2012.6.30)  10 MAY 2015 13:31
entering extended mode
 restricted \write18 enabled.
 %&-line parsing enabled.
**summary.tex
(./summary.tex
LaTeX2e <2011/06/27>
Babel <v3.8m> and hyphenation patterns for english, dumylang, nohyphenation, ge
rman-x-2012-05-30, ngerman-x-2012-05-30, afrikaans, ancientgreek, ibycus, arabi
c, armenian, basque, bulgarian, catalan, pinyin, coptic, croatian, czech, danis
h, dutch, ukenglish, usenglishmax, esperanto, estonian, ethiopic, farsi, finnis
h, french, friulan, galician, german, ngerman, swissgerman, monogreek, greek, h
ungarian, icelandic, assamese, bengali, gujarati, hindi, kannada, malayalam, ma
rathi, oriya, panjabi, tamil, telugu, indonesian, interlingua, irish, italian, 
kurmanji, latin, latvian, lithuanian, mongolian, mongolianlmc, bokmal, nynorsk,
 polish, portuguese, romanian, romansh, russian, sanskrit, serbian, serbianc, s
lovak, slovenian, spanish, swedish, turkish, turkmen, ukrainian, uppersorbian, 
welsh, loaded.
(/usr/local/texlive/2012/texmf-dist/tex/latex/base/article.cls
Document Class: article 2007/10/19 v1.4h Standard LaTeX document class
(/usr/local/texlive/2012/texmf-dist/tex/latex/base/size10.clo
File: size10.clo 2007/10/19 v1.4h Standard LaTeX file (size option)
)
\c@part=\count79
\c@section=\count80
\c@subsection=\count81
\c@subsubsection=\count82
\c@paragraph=\count83
\c@subparagraph=\count84
\c@figure=\count85
\c@table=\count86
\abovecaptionskip=\skip41
\belowcaptionskip=\skip42
\bibindent=\dimen102
)
(./nips14submit_e.sty
(/usr/local/texlive/2012/texmf-dist/tex/latex/eso-pic/eso-pic.sty
Package: eso-pic 2010/10/06 v2.0c eso-pic (RN)

(/usr/local/texlive/2012/texmf-dist/tex/generic/oberdiek/atbegshi.sty
Package: atbegshi 2011/10/05 v1.16 At begin shipout hook (HO)

(/usr/local/texlive/2012/texmf-dist/tex/generic/oberdiek/infwarerr.sty
Package: infwarerr 2010/04/08 v1.3 Providing info/warning/error messages (HO)
)
(/usr/local/texlive/2012/texmf-dist/tex/generic/oberdiek/ltxcmds.sty
Package: ltxcmds 2011/11/09 v1.22 LaTeX kernel commands for general use (HO)
)
(/usr/local/texlive/2012/texmf-dist/tex/generic/oberdiek/ifpdf.sty
Package: ifpdf 2011/01/30 v2.3 Provides the ifpdf switch (HO)
Package ifpdf Info: pdfTeX in PDF mode is detected.
))
(/usr/local/texlive/2012/texmf-dist/tex/latex/graphics/keyval.sty
Package: keyval 1999/03/16 v1.13 key=value parser (DPC)
\KV@toks@=\toks14
)
(/usr/local/texlive/2012/texmf-dist/tex/latex/xcolor/xcolor.sty
Package: xcolor 2007/01/21 v2.11 LaTeX color extensions (UK)

(/usr/local/texlive/2012/texmf-dist/tex/latex/latexconfig/color.cfg
File: color.cfg 2007/01/18 v1.5 color configuration of teTeX/TeXLive
)
Package xcolor Info: Driver file: pdftex.def on input line 225.

(/usr/local/texlive/2012/texmf-dist/tex/latex/pdftex-def/pdftex.def
File: pdftex.def 2011/05/27 v0.06d Graphics/color for pdfTeX
\Gread@gobject=\count87
)
Package xcolor Info: Model `cmy' substituted by `cmy0' on input line 1337.
Package xcolor Info: Model `hsb' substituted by `rgb' on input line 1341.
Package xcolor Info: Model `RGB' extended on input line 1353.
Package xcolor Info: Model `HTML' substituted by `rgb' on input line 1355.
Package xcolor Info: Model `Hsb' substituted by `hsb' on input line 1356.
Package xcolor Info: Model `tHsb' substituted by `hsb' on input line 1357.
Package xcolor Info: Model `HSB' substituted by `hsb' on input line 1358.
Package xcolor Info: Model `Gray' substituted by `gray' on input line 1359.
Package xcolor Info: Model `wave' substituted by `hsb' on input line 1360.
))
\nipsrulerbox=\box26
\nipsrulercount=\count88
\nipsruleroffset=\dimen103
\cv@lineheight=\dimen104
\cv@boxheight=\dimen105
\cv@tmpbox=\box27
\cv@refno=\count89
\cv@tot=\count90
\cv@tmpc@=\count91
\cv@tmpc=\count92
)
(/usr/local/texlive/2012/texmf-dist/tex/latex/psnfss/times.sty
Package: times 2005/04/12 PSNFSS-v9.2a (SPQR) 
)
(/usr/local/texlive/2012/texmf-dist/tex/latex/hyperref/hyperref.sty
Package: hyperref 2012/05/13 v6.82q Hypertext links for LaTeX

(/usr/local/texlive/2012/texmf-dist/tex/generic/oberdiek/hobsub-hyperref.sty
Package: hobsub-hyperref 2012/05/28 v1.13 Bundle oberdiek, subset hyperref (HO)


(/usr/local/texlive/2012/texmf-dist/tex/generic/oberdiek/hobsub-generic.sty
Package: hobsub-generic 2012/05/28 v1.13 Bundle oberdiek, subset generic (HO)
Package: hobsub 2012/05/28 v1.13 Construct package bundles (HO)
Package hobsub Info: Skipping package `infwarerr' (already loaded).
Package hobsub Info: Skipping package `ltxcmds' (already loaded).
Package: ifluatex 2010/03/01 v1.3 Provides the ifluatex switch (HO)
Package ifluatex Info: LuaTeX not detected.
Package: ifvtex 2010/03/01 v1.5 Detect VTeX and its facilities (HO)
Package ifvtex Info: VTeX not detected.
Package: intcalc 2007/09/27 v1.1 Expandable calculations with integers (HO)
Package hobsub Info: Skipping package `ifpdf' (already loaded).
Package: etexcmds 2011/02/16 v1.5 Avoid name clashes with e-TeX commands (HO)
Package etexcmds Info: Could not find \expanded.
(etexcmds)             That can mean that you are not using pdfTeX 1.50 or
(etexcmds)             that some package has redefined \expanded.
(etexcmds)             In the latter case, load this package earlier.
Package: kvsetkeys 2012/04/25 v1.16 Key value parser (HO)
Package: kvdefinekeys 2011/04/07 v1.3 Define keys (HO)
Package: pdftexcmds 2011/11/29 v0.20 Utility functions of pdfTeX for LuaTeX (HO
)
Package pdftexcmds Info: LuaTeX not detected.
Package pdftexcmds Info: \pdf@primitive is available.
Package pdftexcmds Info: \pdf@ifprimitive is available.
Package pdftexcmds Info: \pdfdraftmode found.
Package: pdfescape 2011/11/25 v1.13 Implements pdfTeX's escape features (HO)
Package: bigintcalc 2012/04/08 v1.3 Expandable calculations on big integers (HO
)
Package: bitset 2011/01/30 v1.1 Handle bit-vector datatype (HO)
Package: uniquecounter 2011/01/30 v1.2 Provide unlimited unique counter (HO)
)
Package hobsub Info: Skipping package `hobsub' (already loaded).
Package: letltxmacro 2010/09/02 v1.4 Let assignment for LaTeX macros (HO)
Package: hopatch 2012/05/28 v1.2 Wrapper for package hooks (HO)
Package: xcolor-patch 2011/01/30 xcolor patch
Package: atveryend 2011/06/30 v1.8 Hooks at the very end of document (HO)
Package atveryend Info: \enddocument detected (standard20110627).
Package hobsub Info: Skipping package `atbegshi' (already loaded).
Package: refcount 2011/10/16 v3.4 Data extraction from label references (HO)
Package: hycolor 2011/01/30 v1.7 Color options for hyperref/bookmark (HO)
)
(/usr/local/texlive/2012/texmf-dist/tex/generic/ifxetex/ifxetex.sty
Package: ifxetex 2010/09/12 v0.6 Provides ifxetex conditional
)
(/usr/local/texlive/2012/texmf-dist/tex/latex/oberdiek/kvoptions.sty
Package: kvoptions 2011/06/30 v3.11 Key value format for package options (HO)
)
\@linkdim=\dimen106
\Hy@linkcounter=\count93
\Hy@pagecounter=\count94

(/usr/local/texlive/2012/texmf-dist/tex/latex/hyperref/pd1enc.def
File: pd1enc.def 2012/05/13 v6.82q Hyperref: PDFDocEncoding definition (HO)
)
\Hy@SavedSpaceFactor=\count95

(/usr/local/texlive/2012/texmf-dist/tex/latex/latexconfig/hyperref.cfg
File: hyperref.cfg 2002/06/06 v1.2 hyperref configuration of TeXLive
)
Package hyperref Info: Hyper figures OFF on input line 4062.
Package hyperref Info: Link nesting OFF on input line 4067.
Package hyperref Info: Hyper index ON on input line 4070.
Package hyperref Info: Plain pages OFF on input line 4077.
Package hyperref Info: Backreferencing OFF on input line 4082.
Package hyperref Info: Implicit mode ON; LaTeX internals redefined.
Package hyperref Info: Bookmarks ON on input line 4300.
\c@Hy@tempcnt=\count96

(/usr/local/texlive/2012/texmf-dist/tex/latex/url/url.sty
\Urlmuskip=\muskip10
Package: url 2006/04/12  ver 3.3  Verb mode for urls, etc.
)
LaTeX Info: Redefining \url on input line 4653.
\Fld@menulength=\count97
\Field@Width=\dimen107
\Fld@charsize=\dimen108
Package hyperref Info: Hyper figures OFF on input line 5773.
Package hyperref Info: Link nesting OFF on input line 5778.
Package hyperref Info: Hyper index ON on input line 5781.
Package hyperref Info: backreferencing OFF on input line 5788.
Package hyperref Info: Link coloring OFF on input line 5793.
Package hyperref Info: Link coloring with OCG OFF on input line 5798.
Package hyperref Info: PDF/A mode OFF on input line 5803.
LaTeX Info: Redefining \ref on input line 5843.
LaTeX Info: Redefining \pageref on input line 5847.
\Hy@abspage=\count98
\c@Item=\count99
\c@Hfootnote=\count100
)

Package hyperref Message: Driver (autodetected): hpdftex.

(/usr/local/texlive/2012/texmf-dist/tex/latex/hyperref/hpdftex.def
File: hpdftex.def 2012/05/13 v6.82q Hyperref driver for pdfTeX
\Fld@listcount=\count101
\c@bookmark@seq@number=\count102

(/usr/local/texlive/2012/texmf-dist/tex/latex/oberdiek/rerunfilecheck.sty
Package: rerunfilecheck 2011/04/15 v1.7 Rerun checks for auxiliary files (HO)
Package uniquecounter Info: New unique counter `rerunfilecheck' on input line 2
82.
)
\Hy@SectionHShift=\skip43
)
(/usr/local/texlive/2012/texmf-dist/tex/latex/graphics/graphicx.sty
Package: graphicx 1999/02/16 v1.0f Enhanced LaTeX Graphics (DPC,SPQR)

(/usr/local/texlive/2012/texmf-dist/tex/latex/graphics/graphics.sty
Package: graphics 2009/02/05 v1.0o Standard LaTeX Graphics (DPC,SPQR)

(/usr/local/texlive/2012/texmf-dist/tex/latex/graphics/trig.sty
Package: trig 1999/03/16 v1.09 sin cos tan (DPC)
)
(/usr/local/texlive/2012/texmf-dist/tex/latex/latexconfig/graphics.cfg
File: graphics.cfg 2010/04/23 v1.9 graphics configuration of TeX Live
)
Package graphics Info: Driver file: pdftex.def on input line 91.
)
\Gin@req@height=\dimen109
\Gin@req@width=\dimen110
)
(/usr/local/texlive/2012/texmf-dist/tex/latex/float/float.sty
Package: float 2001/11/08 v1.3d Float enhancements (AL)
\c@float@type=\count103
\float@exts=\toks15
\float@box=\box28
\@float@everytoks=\toks16
\@floatcapt=\box29
)
(/usr/local/texlive/2012/texmf-dist/tex/latex/caption/caption.sty
Package: caption 2012/02/19 v3.2f Customizing captions (AR)

(/usr/local/texlive/2012/texmf-dist/tex/latex/caption/caption3.sty
Package: caption3 2012/01/12 v1.4b caption3 kernel (AR)
\captionmargin=\dimen111
\captionmargin@=\dimen112
\captionwidth=\dimen113
\caption@indent=\dimen114
\caption@parindent=\dimen115
\caption@hangindent=\dimen116
)
\c@ContinuedFloat=\count104
Package caption Info: float package is loaded.
Package caption Info: hyperref package is loaded.
)
(/usr/local/texlive/2012/texmf-dist/tex/latex/algorithms/algorithm.sty
Package: algorithm 2009/08/24 v0.1 Document Style `algorithm' - floating enviro
nment

(/usr/local/texlive/2012/texmf-dist/tex/latex/base/ifthen.sty
Package: ifthen 2001/05/26 v1.1c Standard LaTeX ifthen package (DPC)
)
\@float@every@algorithm=\toks17
\c@algorithm=\count105
)
(/usr/local/texlive/2012/texmf-dist/tex/latex/algorithmicx/algpseudocode.sty
Package: algpseudocode 

(/usr/local/texlive/2012/texmf-dist/tex/latex/algorithmicx/algorithmicx.sty
Package: algorithmicx 2005/04/27 v1.2 Algorithmicx

Document Style algorithmicx 1.2 - a greatly improved `algorithmic' style
\c@ALG@line=\count106
\c@ALG@rem=\count107
\c@ALG@nested=\count108
\ALG@tlm=\skip44
\ALG@thistlm=\skip45
\c@ALG@Lnr=\count109
\c@ALG@blocknr=\count110
\c@ALG@storecount=\count111
\c@ALG@tmpcounter=\count112
\ALG@tmplength=\skip46
)
Document Style - pseudocode environments for use with the `algorithmicx' style
) (/usr/local/texlive/2012/texmf-dist/tex/latex/graphics/epsfig.sty
Package: epsfig 1999/02/16 v1.7a (e)psfig emulation (SPQR)
\epsfxsize=\dimen117
\epsfysize=\dimen118
)
(/usr/local/texlive/2012/texmf-dist/tex/latex/subfigure/subfigure.sty
Package: subfigure 2002/03/15 v2.1.5 subfigure package
\subfigtopskip=\skip47
\subfigcapskip=\skip48
\subfigcaptopadj=\dimen119
\subfigbottomskip=\skip49
\subfigcapmargin=\dimen120
\subfiglabelskip=\skip50
\c@subfigure=\count113
\c@lofdepth=\count114
\c@subtable=\count115
\c@lotdepth=\count116

****************************************
* Local config file subfigure.cfg used *
****************************************
(/usr/local/texlive/2012/texmf-dist/tex/latex/subfigure/subfigure.cfg)
\subfig@top=\skip51
\subfig@bottom=\skip52
)
(/usr/local/texlive/2012/texmf-dist/tex/latex/booktabs/booktabs.sty
Package: booktabs 2005/04/14 v1.61803 publication quality tables
\heavyrulewidth=\dimen121
\lightrulewidth=\dimen122
\cmidrulewidth=\dimen123
\belowrulesep=\dimen124
\belowbottomsep=\dimen125
\aboverulesep=\dimen126
\abovetopsep=\dimen127
\cmidrulesep=\dimen128
\cmidrulekern=\dimen129
\defaultaddspace=\dimen130
\@cmidla=\count117
\@cmidlb=\count118
\@aboverulesep=\dimen131
\@belowrulesep=\dimen132
\@thisruleclass=\count119
\@lastruleclass=\count120
\@thisrulewidth=\dimen133
)
(/usr/local/texlive/2012/texmf-dist/tex/latex/tools/tabularx.sty
Package: tabularx 1999/01/07 v2.07 `tabularx' package (DPC)

(/usr/local/texlive/2012/texmf-dist/tex/latex/tools/array.sty
Package: array 2008/09/09 v2.4c Tabular extension package (FMi)
\col@sep=\dimen134
\extrarowheight=\dimen135
\NC@list=\toks18
\extratabsurround=\skip53
\backup@length=\skip54
)
\TX@col@width=\dimen136
\TX@old@table=\dimen137
\TX@old@col=\dimen138
\TX@target=\dimen139
\TX@delta=\dimen140
\TX@cols=\count121
\TX@ftn=\toks19
)
(/usr/local/texlive/2012/texmf-dist/tex/latex/amsmath/amsmath.sty
Package: amsmath 2000/07/18 v2.13 AMS math features
\@mathmargin=\skip55

For additional information on amsmath, use the `?' option.
(/usr/local/texlive/2012/texmf-dist/tex/latex/amsmath/amstext.sty
Package: amstext 2000/06/29 v2.01

(/usr/local/texlive/2012/texmf-dist/tex/latex/amsmath/amsgen.sty
File: amsgen.sty 1999/11/30 v2.0
\@emptytoks=\toks20
\ex@=\dimen141
))
(/usr/local/texlive/2012/texmf-dist/tex/latex/amsmath/amsbsy.sty
Package: amsbsy 1999/11/29 v1.2d
\pmbraise@=\dimen142
)
(/usr/local/texlive/2012/texmf-dist/tex/latex/amsmath/amsopn.sty
Package: amsopn 1999/12/14 v2.01 operator names
)
\inf@bad=\count122
LaTeX Info: Redefining \frac on input line 211.
\uproot@=\count123
\leftroot@=\count124
LaTeX Info: Redefining \overline on input line 307.
\classnum@=\count125
\DOTSCASE@=\count126
LaTeX Info: Redefining \ldots on input line 379.
LaTeX Info: Redefining \dots on input line 382.
LaTeX Info: Redefining \cdots on input line 467.
\Mathstrutbox@=\box30
\strutbox@=\box31
\big@size=\dimen143
LaTeX Font Info:    Redeclaring font encoding OML on input line 567.
LaTeX Font Info:    Redeclaring font encoding OMS on input line 568.
\macc@depth=\count127
\c@MaxMatrixCols=\count128
\dotsspace@=\muskip11
\c@parentequation=\count129
\dspbrk@lvl=\count130
\tag@help=\toks21
\row@=\count131
\column@=\count132
\maxfields@=\count133
\andhelp@=\toks22
\eqnshift@=\dimen144
\alignsep@=\dimen145
\tagshift@=\dimen146
\tagwidth@=\dimen147
\totwidth@=\dimen148
\lineht@=\dimen149
\@envbody=\toks23
\multlinegap=\skip56
\multlinetaggap=\skip57
\mathdisplay@stack=\toks24
LaTeX Info: Redefining \[ on input line 2666.
LaTeX Info: Redefining \] on input line 2667.
)
No file summary.aux.
\openout1 = `summary.aux'.

LaTeX Font Info:    Checking defaults for OML/cmm/m/it on input line 57.
LaTeX Font Info:    ... okay on input line 57.
LaTeX Font Info:    Checking defaults for T1/cmr/m/n on input line 57.
LaTeX Font Info:    ... okay on input line 57.
LaTeX Font Info:    Checking defaults for OT1/cmr/m/n on input line 57.
LaTeX Font Info:    ... okay on input line 57.
LaTeX Font Info:    Checking defaults for OMS/cmsy/m/n on input line 57.
LaTeX Font Info:    ... okay on input line 57.
LaTeX Font Info:    Checking defaults for OMX/cmex/m/n on input line 57.
LaTeX Font Info:    ... okay on input line 57.
LaTeX Font Info:    Checking defaults for U/cmr/m/n on input line 57.
LaTeX Font Info:    ... okay on input line 57.
LaTeX Font Info:    Checking defaults for PD1/pdf/m/n on input line 57.
LaTeX Font Info:    ... okay on input line 57.
LaTeX Font Info:    Try loading font information for OT1+ptm on input line 57.
(/usr/local/texlive/2012/texmf-dist/tex/latex/psnfss/ot1ptm.fd
File: ot1ptm.fd 2001/06/04 font definitions for OT1/ptm.
)
\AtBeginShipoutBox=\box32

(/usr/local/texlive/2012/texmf-dist/tex/context/base/supp-pdf.mkii
[Loading MPS to PDF converter (version 2006.09.02).]
\scratchcounter=\count134
\scratchdimen=\dimen150
\scratchbox=\box33
\nofMPsegments=\count135
\nofMParguments=\count136
\everyMPshowfont=\toks25
\MPscratchCnt=\count137
\MPscratchDim=\dimen151
\MPnumerator=\count138
\makeMPintoPDFobject=\count139
\everyMPtoPDFconversion=\toks26
)
Package hyperref Info: Link coloring OFF on input line 57.
 (/usr/local/texlive/2012/texmf-dist/tex/latex/hyperref/nameref.sty
Package: nameref 2010/04/30 v2.40 Cross-referencing by name of section

(/usr/local/texlive/2012/texmf-dist/tex/generic/oberdiek/gettitlestring.sty
Package: gettitlestring 2010/12/03 v1.4 Cleanup title references (HO)
)
\c@section@level=\count140
)
LaTeX Info: Redefining \ref on input line 57.
LaTeX Info: Redefining \pageref on input line 57.
LaTeX Info: Redefining \nameref on input line 57.
\@outlinefile=\write3
\openout3 = `summary.out'.


(/usr/local/texlive/2012/texmf-dist/tex/latex/oberdiek/epstopdf-base.sty
Package: epstopdf-base 2010/02/09 v2.5 Base part for package epstopdf

(/usr/local/texlive/2012/texmf-dist/tex/latex/oberdiek/grfext.sty
Package: grfext 2010/08/19 v1.1 Manage graphics extensions (HO)
)
Package grfext Info: Graphics extension search list:
(grfext)             [.png,.pdf,.jpg,.mps,.jpeg,.jbig2,.jb2,.PNG,.PDF,.JPG,.JPE
G,.JBIG2,.JB2,.eps]
(grfext)             \AppendGraphicsExtensions on input line 452.

(/usr/local/texlive/2012/texmf-dist/tex/latex/latexconfig/epstopdf-sys.cfg
File: epstopdf-sys.cfg 2010/07/13 v1.3 Configuration of (r)epstopdf for TeX Liv
e
))
Package caption Info: Begin \AtBeginDocument code.
Package caption Info: subfigure package is loaded.
Package caption Info: End \AtBeginDocument code.
LaTeX Font Info:    Font shape `OT1/ptm/bx/n' in size <17.28> not available
(Font)              Font shape `OT1/ptm/b/n' tried instead on input line 59.
LaTeX Font Info:    Font shape `OT1/ptm/bx/n' in size <10> not available
(Font)              Font shape `OT1/ptm/b/n' tried instead on input line 59.

(./body/abstract.tex
LaTeX Font Info:    Font shape `OT1/ptm/bx/n' in size <12> not available
(Font)              Font shape `OT1/ptm/b/n' tried instead on input line 1.
) (./body/intro.tex) (./body/figures.tex
<./figures/qqq_days.pdf, id=4, 867.24pt x 1084.05pt>
File: ./figures/qqq_days.pdf Graphic file (type pdf)

<use ./figures/qqq_days.pdf>
Package pdftex.def Info: ./figures/qqq_days.pdf used on input line 3.
(pdftex.def)             Requested size: 614.295pt x 767.91098pt.


LaTeX Warning: Float too large for page by 138.48099pt on input line 7.

<./figures/qqq_weeks.pdf, id=5, 867.24pt x 1084.05pt>
File: ./figures/qqq_weeks.pdf Graphic file (type pdf)

<use ./figures/qqq_weeks.pdf>
Package pdftex.def Info: ./figures/qqq_weeks.pdf used on input line 10.
(pdftex.def)             Requested size: 614.295pt x 767.91098pt.


LaTeX Warning: Float too large for page by 138.48099pt on input line 14.

<./figures/qqq_months.pdf, id=6, 867.24pt x 1084.05pt>
File: ./figures/qqq_months.pdf Graphic file (type pdf)

<use ./figures/qqq_months.pdf>
Package pdftex.def Info: ./figures/qqq_months.pdf used on input line 17.
(pdftex.def)             Requested size: 614.295pt x 767.91098pt.


LaTeX Warning: Float too large for page by 138.48099pt on input line 21.

[1

{/usr/local/texlive/2012/texmf-var/fonts/map/pdftex/updmap/pdftex.map}]
[2 <./figures/qqq_days.pdf>] [3 <./figures/qqq_weeks.pdf>] [4 <./figures/qqq_mo
nths.pdf>] <./figures/dia_days.pdf, id=189, 867.24pt x 1084.05pt>
File: ./figures/dia_days.pdf Graphic file (type pdf)

<use ./figures/dia_days.pdf>
Package pdftex.def Info: ./figures/dia_days.pdf used on input line 25.
(pdftex.def)             Requested size: 614.295pt x 767.91098pt.


LaTeX Warning: Float too large for page by 138.48099pt on input line 29.

<./figures/dia_weeks.pdf, id=190, 867.24pt x 1084.05pt>
File: ./figures/dia_weeks.pdf Graphic file (type pdf)

<use ./figures/dia_weeks.pdf>
Package pdftex.def Info: ./figures/dia_weeks.pdf used on input line 32.
(pdftex.def)             Requested size: 614.295pt x 767.91098pt.


LaTeX Warning: Float too large for page by 138.48099pt on input line 36.

<./figures/dia_months.pdf, id=191, 867.24pt x 1084.05pt>
File: ./figures/dia_months.pdf Graphic file (type pdf)

<use ./figures/dia_months.pdf>
Package pdftex.def Info: ./figures/dia_months.pdf used on input line 39.
(pdftex.def)             Requested size: 614.295pt x 767.91098pt.


LaTeX Warning: Float too large for page by 138.48099pt on input line 43.

[5 <./figures/dia_days.pdf>] [6 <./figures/dia_weeks.pdf>] [7 <./figures/dia_mo
nths.pdf>] <./figures/iwm_days.pdf, id=362, 867.24pt x 1084.05pt>
File: ./figures/iwm_days.pdf Graphic file (type pdf)

<use ./figures/iwm_days.pdf>
Package pdftex.def Info: ./figures/iwm_days.pdf used on input line 47.
(pdftex.def)             Requested size: 614.295pt x 767.91098pt.


LaTeX Warning: Float too large for page by 138.48099pt on input line 51.

<./figures/iwm_weeks.pdf, id=363, 867.24pt x 1084.05pt>
File: ./figures/iwm_weeks.pdf Graphic file (type pdf)

<use ./figures/iwm_weeks.pdf>
Package pdftex.def Info: ./figures/iwm_weeks.pdf used on input line 54.
(pdftex.def)             Requested size: 614.295pt x 767.91098pt.


LaTeX Warning: Float too large for page by 138.48099pt on input line 58.

<./figures/iwm_months.pdf, id=364, 867.24pt x 1084.05pt>
File: ./figures/iwm_months.pdf Graphic file (type pdf)

<use ./figures/iwm_months.pdf>
Package pdftex.def Info: ./figures/iwm_months.pdf used on input line 61.
(pdftex.def)             Requested size: 614.295pt x 767.91098pt.


LaTeX Warning: Float too large for page by 138.48099pt on input line 65.

[8 <./figures/iwm_days.pdf>] [9 <./figures/iwm_weeks.pdf>] [10 <./figures/iwm_m
onths.pdf>] <./figures/spy_days.pdf, id=538, 867.24pt x 1084.05pt>
File: ./figures/spy_days.pdf Graphic file (type pdf)

<use ./figures/spy_days.pdf>
Package pdftex.def Info: ./figures/spy_days.pdf used on input line 69.
(pdftex.def)             Requested size: 614.295pt x 767.91098pt.


LaTeX Warning: Float too large for page by 138.48099pt on input line 73.

<./figures/spy_weeks.pdf, id=539, 867.24pt x 1084.05pt>
File: ./figures/spy_weeks.pdf Graphic file (type pdf)

<use ./figures/spy_weeks.pdf>
Package pdftex.def Info: ./figures/spy_weeks.pdf used on input line 76.
(pdftex.def)             Requested size: 614.295pt x 767.91098pt.


LaTeX Warning: Float too large for page by 138.48099pt on input line 80.

<./figures/spy_months.pdf, id=540, 867.24pt x 1084.05pt>
File: ./figures/spy_months.pdf Graphic file (type pdf)

<use ./figures/spy_months.pdf>
Package pdftex.def Info: ./figures/spy_months.pdf used on input line 83.
(pdftex.def)             Requested size: 614.295pt x 767.91098pt.


LaTeX Warning: Float too large for page by 138.48099pt on input line 87.

[11 <./figures/spy_days.pdf>] [12 <./figures/spy_weeks.pdf>] [13 <./figures/spy
_months.pdf>] <./figures/wmt_days.pdf, id=715, 867.24pt x 1084.05pt>
File: ./figures/wmt_days.pdf Graphic file (type pdf)

<use ./figures/wmt_days.pdf>
Package pdftex.def Info: ./figures/wmt_days.pdf used on input line 91.
(pdftex.def)             Requested size: 614.295pt x 767.91098pt.


LaTeX Warning: Float too large for page by 138.48099pt on input line 95.

<./figures/wmt_weeks.pdf, id=716, 867.24pt x 1084.05pt>
File: ./figures/wmt_weeks.pdf Graphic file (type pdf)

<use ./figures/wmt_weeks.pdf>
Package pdftex.def Info: ./figures/wmt_weeks.pdf used on input line 98.
(pdftex.def)             Requested size: 614.295pt x 767.91098pt.


LaTeX Warning: Float too large for page by 138.48099pt on input line 102.

<./figures/wmt_months.pdf, id=717, 867.24pt x 1084.05pt>
File: ./figures/wmt_months.pdf Graphic file (type pdf)

<use ./figures/wmt_months.pdf>
Package pdftex.def Info: ./figures/wmt_months.pdf used on input line 105.
(pdftex.def)             Requested size: 614.295pt x 767.91098pt.


LaTeX Warning: Float too large for page by 138.48099pt on input line 109.

[14 <./figures/wmt_days.pdf>] [15 <./figures/wmt_weeks.pdf>] [16 <./figures/wmt
_months.pdf>] <./figures/gs_days.pdf, id=893, 867.24pt x 1084.05pt>
File: ./figures/gs_days.pdf Graphic file (type pdf)

<use ./figures/gs_days.pdf>
Package pdftex.def Info: ./figures/gs_days.pdf used on input line 113.
(pdftex.def)             Requested size: 614.295pt x 767.91098pt.


LaTeX Warning: Float too large for page by 138.48099pt on input line 117.

<./figures/gs_weeks.pdf, id=894, 867.24pt x 1084.05pt>
File: ./figures/gs_weeks.pdf Graphic file (type pdf)

<use ./figures/gs_weeks.pdf>
Package pdftex.def Info: ./figures/gs_weeks.pdf used on input line 120.
(pdftex.def)             Requested size: 614.295pt x 767.91098pt.


LaTeX Warning: Float too large for page by 138.48099pt on input line 124.

<./figures/gs_months.pdf, id=895, 867.24pt x 1084.05pt>
File: ./figures/gs_months.pdf Graphic file (type pdf)

<use ./figures/gs_months.pdf>
Package pdftex.def Info: ./figures/gs_months.pdf used on input line 127.
(pdftex.def)             Requested size: 614.295pt x 767.91098pt.


LaTeX Warning: Float too large for page by 138.48099pt on input line 131.

[17 <./figures/gs_days.pdf>] [18 <./figures/gs_weeks.pdf>] [19 <./figures/gs_mo
nths.pdf>] <./figures/ewh_days.pdf, id=1064, 867.24pt x 1084.05pt>
File: ./figures/ewh_days.pdf Graphic file (type pdf)

<use ./figures/ewh_days.pdf>
Package pdftex.def Info: ./figures/ewh_days.pdf used on input line 135.
(pdftex.def)             Requested size: 614.295pt x 767.91098pt.


LaTeX Warning: Float too large for page by 138.48099pt on input line 139.

<./figures/ewh_weeks.pdf, id=1065, 867.24pt x 1084.05pt>
File: ./figures/ewh_weeks.pdf Graphic file (type pdf)

<use ./figures/ewh_weeks.pdf>
Package pdftex.def Info: ./figures/ewh_weeks.pdf used on input line 142.
(pdftex.def)             Requested size: 614.295pt x 767.91098pt.


LaTeX Warning: Float too large for page by 138.48099pt on input line 146.

<./figures/ewh_months.pdf, id=1066, 867.24pt x 1084.05pt>
File: ./figures/ewh_months.pdf Graphic file (type pdf)

<use ./figures/ewh_months.pdf>
Package pdftex.def Info: ./figures/ewh_months.pdf used on input line 149.
(pdftex.def)             Requested size: 614.295pt x 767.91098pt.


LaTeX Warning: Float too large for page by 138.48099pt on input line 153.

[20 <./figures/ewh_days.pdf>] [21 <./figures/ewh_weeks.pdf>] [22 <./figures/ewh
_months.pdf>] <./figures/ewg_days.pdf, id=1243, 867.24pt x 1084.05pt>
File: ./figures/ewg_days.pdf Graphic file (type pdf)

<use ./figures/ewg_days.pdf>
Package pdftex.def Info: ./figures/ewg_days.pdf used on input line 157.
(pdftex.def)             Requested size: 614.295pt x 767.91098pt.


LaTeX Warning: Float too large for page by 138.48099pt on input line 161.

<./figures/ewg_weeks.pdf, id=1244, 867.24pt x 1084.05pt>
File: ./figures/ewg_weeks.pdf Graphic file (type pdf)

<use ./figures/ewg_weeks.pdf>
Package pdftex.def Info: ./figures/ewg_weeks.pdf used on input line 164.
(pdftex.def)             Requested size: 614.295pt x 767.91098pt.


LaTeX Warning: Float too large for page by 138.48099pt on input line 168.

<./figures/ewg_months.pdf, id=1245, 867.24pt x 1084.05pt>
File: ./figures/ewg_months.pdf Graphic file (type pdf)

<use ./figures/ewg_months.pdf>
Package pdftex.def Info: ./figures/ewg_months.pdf used on input line 171.
(pdftex.def)             Requested size: 614.295pt x 767.91098pt.


LaTeX Warning: Float too large for page by 138.48099pt on input line 175.

[23 <./figures/ewg_days.pdf>] [24 <./figures/ewg_weeks.pdf>] [25 <./figures/ewg
_months.pdf>] <./figures/ewj_days.pdf, id=1419, 867.24pt x 1084.05pt>
File: ./figures/ewj_days.pdf Graphic file (type pdf)

<use ./figures/ewj_days.pdf>
Package pdftex.def Info: ./figures/ewj_days.pdf used on input line 179.
(pdftex.def)             Requested size: 614.295pt x 767.91098pt.


LaTeX Warning: Float too large for page by 138.48099pt on input line 183.

<./figures/ewj_weeks.pdf, id=1420, 867.24pt x 1084.05pt>
File: ./figures/ewj_weeks.pdf Graphic file (type pdf)

<use ./figures/ewj_weeks.pdf>
Package pdftex.def Info: ./figures/ewj_weeks.pdf used on input line 186.
(pdftex.def)             Requested size: 614.295pt x 767.91098pt.


LaTeX Warning: Float too large for page by 138.48099pt on input line 190.

<./figures/ewj_months.pdf, id=1421, 867.24pt x 1084.05pt>
File: ./figures/ewj_months.pdf Graphic file (type pdf)

<use ./figures/ewj_months.pdf>
Package pdftex.def Info: ./figures/ewj_months.pdf used on input line 193.
(pdftex.def)             Requested size: 614.295pt x 767.91098pt.


LaTeX Warning: Float too large for page by 138.48099pt on input line 197.

[26 <./figures/ewj_days.pdf>] [27 <./figures/ewj_weeks.pdf>] [28 <./figures/ewj
_months.pdf>]) (./body/tables.tex
Overfull \hbox (47.47171pt too wide) in paragraph at lines 7--21
 [] 
 []


Overfull \hbox (47.47171pt too wide) in paragraph at lines 28--42
 [] 
 []


Overfull \hbox (48.31194pt too wide) in paragraph at lines 49--63
 [] 
 []

)
Package atveryend Info: Empty hook `BeforeClearDocument' on input line 68.
 [29









]
Package atveryend Info: Empty hook `AfterLastShipout' on input line 68.
 (./summary.aux)
Package atveryend Info: Executing hook `AtVeryEndDocument' on input line 68.
Package atveryend Info: Executing hook `AtEndAfterFileList' on input line 68.


Package rerunfilecheck Warning: File `summary.out' has changed.
(rerunfilecheck)                Rerun to get outlines right
(rerunfilecheck)                or use package `bookmark'.

Package rerunfilecheck Info: Checksums for `summary.out':
(rerunfilecheck)             Before: <no file>
(rerunfilecheck)             After:  F1AFCF232271534EBF6E6D67DB767C6F;126.

LaTeX Warning: Label(s) may have changed. Rerun to get cross-references right.

Package atveryend Info: Empty hook `AtVeryVeryEnd' on input line 68.
 ) 
Here is how much of TeX's memory you used:
 8248 strings out of 493488
 123203 string characters out of 3141326
 227279 words of memory out of 3000000
 11365 multiletter control sequences out of 15000+200000
 12629 words of font info for 28 fonts, out of 3000000 for 9000
 957 hyphenation exceptions out of 8191
 37i,9n,39p,274b,325s stack positions out of 5000i,500n,10000p,200000b,50000s
{/usr/local/texlive/2012/texmf-dist/fonts/enc/dvips/base/8r.enc}</usr/local/t
exlive/2012/texmf-dist/fonts/type1/urw/times/utmb8a.pfb></usr/local/texlive/201
2/texmf-dist/fonts/type1/urw/times/utmr8a.pfb>
Output written on summary.pdf (29 pages, 938320 bytes).
PDF statistics:
 1632 PDF objects out of 1728 (max. 8388607)
 313 compressed objects within 4 object streams
 63 named destinations out of 1000 (max. 500000)
 136 words of extra memory for PDF output out of 10000 (max. 10000000)

